# JRE version: OpenJDK Runtime Environment AdoptOpenJDK (11.0.10+9) (build 11.0.10+9)
# Java VM: OpenJDK 64-Bit Server VM AdoptOpenJDK (11.0.10+9, mixed mode, tiered, compressed oops, g1 gc, windows-amd64)
Heap:
 garbage-first heap   total 157696K, used 23552K [0x0000000081a00000, 0x0000000100000000)
  region size 1024K, 2 young (2048K), 2 survivors (2048K)
 Metaspace       used 50931K, capacity 53878K, committed 54096K, reserved 1095680K
  class space    used 5693K, capacity 6993K, committed 7040K, reserved 1048576K
GC Heap History (15 events):
Event: 1.805 GC heap before
{Heap before GC invocations=0 (full 0):
 garbage-first heap   total 131072K, used 20480K [0x0000000081a00000, 0x0000000100000000)
  region size 1024K, 14 young (14336K), 0 survivors (0K)
 Metaspace       used 16956K, capacity 17437K, committed 17664K, reserved 1064960K
  class space    used 1769K, capacity 1995K, committed 2048K, reserved 1048576K
}
Event: 1.821 GC heap after
{Heap after GC invocations=1 (full 0):
 garbage-first heap   total 131072K, used 9769K [0x0000000081a00000, 0x0000000100000000)
  region size 1024K, 2 young (2048K), 2 survivors (2048K)
 Metaspace       used 16956K, capacity 17437K, committed 17664K, reserved 1064960K
  class space    used 1769K, capacity 1995K, committed 2048K, reserved 1048576K
}
Event: 2.392 GC heap before
{Heap before GC invocations=1 (full 0):
 garbage-first heap   total 131072K, used 16937K [0x0000000081a00000, 0x0000000100000000)
  region size 1024K, 9 young (9216K), 2 survivors (2048K)
 Metaspace       used 20411K, capacity 20882K, committed 20992K, reserved 1069056K
  class space    used 2068K, capacity 2269K, committed 2304K, reserved 1048576K
}
Event: 2.399 GC heap after
{Heap after GC invocations=2 (full 0):
 garbage-first heap   total 131072K, used 10478K [0x0000000081a00000, 0x0000000100000000)
  region size 1024K, 1 young (1024K), 1 survivors (1024K)
 Metaspace       used 20411K, capacity 20882K, committed 20992K, reserved 1069056K
  class space    used 2068K, capacity 2269K, committed 2304K, reserved 1048576K
}
Event: 2.443 GC heap before
{Heap before GC invocations=2 (full 0):
 garbage-first heap   total 131072K, used 10478K [0x0000000081a00000, 0x0000000100000000)
  region size 1024K, 2 young (2048K), 1 survivors (1024K)
 Metaspace       used 20595K, capacity 21103K, committed 21248K, reserved 1069056K
  class space    used 2098K, capacity 2279K, committed 2304K, reserved 1048576K
}
Event: 2.445 GC heap after
{Heap after GC invocations=3 (full 0):
 garbage-first heap   total 131072K, used 10377K [0x0000000081a00000, 0x0000000100000000)
  region size 1024K, 1 young (1024K), 1 survivors (1024K)
 Metaspace       used 20595K, capacity 21103K, committed 21248K, reserved 1069056K
  class space    used 2098K, capacity 2279K, committed 2304K, reserved 1048576K
}
Event: 4.220 GC heap before
{Heap before GC invocations=4 (full 0):
 garbage-first heap   total 131072K, used 42121K [0x0000000081a00000, 0x0000000100000000)
  region size 1024K, 33 young (33792K), 1 survivors (1024K)
 Metaspace       used 32183K, capacity 33030K, committed 33276K, reserved 1079296K
  class space    used 3392K, capacity 3720K, committed 3840K, reserved 1048576K
}
Event: 4.229 GC heap after
{Heap after GC invocations=5 (full 0):
 garbage-first heap   total 131072K, used 14487K [0x0000000081a00000, 0x0000000100000000)
  region size 1024K, 5 young (5120K), 5 survivors (5120K)
 Metaspace       used 32183K, capacity 33030K, committed 33276K, reserved 1079296K
  class space    used 3392K, capacity 3720K, committed 3840K, reserved 1048576K
}
Event: 4.674 GC heap before
{Heap before GC invocations=5 (full 0):
 garbage-first heap   total 131072K, used 23703K [0x0000000081a00000, 0x0000000100000000)
  region size 1024K, 15 young (15360K), 5 survivors (5120K)
 Metaspace       used 34873K, capacity 35894K, committed 36048K, reserved 1081344K
  class space    used 3617K, capacity 4016K, committed 4096K, reserved 1048576K
}
Event: 4.683 GC heap after
{Heap after GC invocations=6 (full 0):
 garbage-first heap   total 131072K, used 15677K [0x0000000081a00000, 0x0000000100000000)
  region size 1024K, 2 young (2048K), 2 survivors (2048K)
 Metaspace       used 34873K, capacity 35894K, committed 36048K, reserved 1081344K
  class space    used 3617K, capacity 4016K, committed 4096K, reserved 1048576K
}
Event: 6.546 GC heap before
{Heap before GC invocations=7 (full 0):
 garbage-first heap   total 131072K, used 60733K [0x0000000081a00000, 0x0000000100000000)
  region size 1024K, 45 young (46080K), 2 survivors (2048K)
 Metaspace       used 44989K, capacity 47850K, committed 47952K, reserved 1091584K
  class space    used 4990K, capacity 6239K, committed 6272K, reserved 1048576K
}
Event: 6.553 GC heap after
{Heap after GC invocations=8 (full 0):
 garbage-first heap   total 131072K, used 20640K [0x0000000081a00000, 0x0000000100000000)
  region size 1024K, 6 young (6144K), 6 survivors (6144K)
 Metaspace       used 44989K, capacity 47850K, committed 47952K, reserved 1091584K
  class space    used 4990K, capacity 6239K, committed 6272K, reserved 1048576K
}
Event: 8.214 GC heap before
{Heap before GC invocations=8 (full 0):
 garbage-first heap   total 131072K, used 79008K [0x0000000081a00000, 0x0000000100000000)
  region size 1024K, 22 young (22528K), 6 survivors (6144K)
 Metaspace       used 50917K, capacity 53814K, committed 54096K, reserved 1095680K
  class space    used 5693K, capacity 6993K, committed 7040K, reserved 1048576K
}
Event: 8.227 GC heap after
{Heap after GC invocations=9 (full 0):
 garbage-first heap   total 131072K, used 22508K [0x0000000081a00000, 0x0000000100000000)
  region size 1024K, 6 young (6144K), 6 survivors (6144K)
 Metaspace       used 50917K, capacity 53814K, committed 54096K, reserved 1095680K
  class space    used 5693K, capacity 6993K, committed 7040K, reserved 1048576K
}
Event: 8.294 GC heap before
{Heap before GC invocations=10 (full 0):
 garbage-first heap   total 131072K, used 64492K [0x0000000081a00000, 0x0000000100000000)
  region size 1024K, 7 young (7168K), 6 survivors (6144K)
 Metaspace       used 50931K, capacity 53878K, committed 54096K, reserved 1095680K
  class space    used 5693K, capacity 6993K, committed 7040K, reserved 1048576K
}

